# JRE version: Java(TM) SE Runtime Environment (8.0_31-b13) (build 1.8.0_31-b13)
# Java VM: Java HotSpot(TM) 64-Bit Server VM (25.31-b07 mixed mode linux-amd64 compressed oops)
Heap:
 PSYoungGen      total 77312K, used 12781K [0x00000000eab00000, 0x00000000f0400000, 0x0000000100000000)
  eden space 63488K, 0% used [0x00000000eab00000,0x00000000eab00000,0x00000000ee900000)
  from space 13824K, 92% used [0x00000000ee900000,0x00000000ef57b428,0x00000000ef680000)
  to   space 13312K, 0% used [0x00000000ef700000,0x00000000ef700000,0x00000000f0400000)
 ParOldGen       total 42496K, used 35381K [0x00000000c0000000, 0x00000000c2980000, 0x00000000eab00000)
  object space 42496K, 83% used [0x00000000c0000000,0x00000000c228d5a0,0x00000000c2980000)
 Metaspace       used 7102K, capacity 7454K, committed 7680K, reserved 1056768K
  class space    used 703K, capacity 721K, committed 768K, reserved 1048576K
GC Heap History (10 events):
Event: 1.902 GC heap after
Heap after GC invocations=2 (full 0):
 PSYoungGen      total 18432K, used 2544K [0x00000000eab00000, 0x00000000ecf00000, 0x0000000100000000)
  eden space 15872K, 0% used [0x00000000eab00000,0x00000000eab00000,0x00000000eba80000)
  from space 2560K, 99% used [0x00000000ebd00000,0x00000000ebf7c028,0x00000000ebf80000)
  to   space 2560K, 0% used [0x00000000eba80000,0x00000000eba80000,0x00000000ebd00000)
 ParOldGen       total 42496K, used 8181K [0x00000000c0000000, 0x00000000c2980000, 0x00000000eab00000)
  object space 42496K, 19% used [0x00000000c0000000,0x00000000c07fd580,0x00000000c2980000)
 Metaspace       used 5964K, capacity 6960K, committed 7040K, reserved 1056768K
  class space    used 580K, capacity 616K, committed 640K, reserved 1048576K
}
Event: 2.264 GC heap before
{Heap before GC invocations=3 (full 0):
 PSYoungGen      total 18432K, used 18416K [0x00000000eab00000, 0x00000000ecf00000, 0x0000000100000000)
  eden space 15872K, 100% used [0x00000000eab00000,0x00000000eba80000,0x00000000eba80000)
  from space 2560K, 99% used [0x00000000ebd00000,0x00000000ebf7c028,0x00000000ebf80000)
  to   space 2560K, 0% used [0x00000000eba80000,0x00000000eba80000,0x00000000ebd00000)
 ParOldGen       total 42496K, used 8181K [0x00000000c0000000, 0x00000000c2980000, 0x00000000eab00000)
  object space 42496K, 19% used [0x00000000c0000000,0x00000000c07fd580,0x00000000c2980000)
 Metaspace       used 6942K, capacity 7384K, committed 7680K, reserved 1056768K
  class space    used 694K, capacity 720K, committed 768K, reserved 1048576K
Event: 2.272 GC heap after
Heap after GC invocations=3 (full 0):
 PSYoungGen      total 18432K, used 2544K [0x00000000eab00000, 0x00000000ecf00000, 0x0000000100000000)
  eden space 15872K, 0% used [0x00000000eab00000,0x00000000eab00000,0x00000000eba80000)
  from space 2560K, 99% used [0x00000000eba80000,0x00000000ebcfc200,0x00000000ebd00000)
  to   space 2560K, 0% used [0x00000000ecc80000,0x00000000ecc80000,0x00000000ecf00000)
 ParOldGen       total 42496K, used 11151K [0x00000000c0000000, 0x00000000c2980000, 0x00000000eab00000)
  object space 42496K, 26% used [0x00000000c0000000,0x00000000c0ae3dd0,0x00000000c2980000)
 Metaspace       used 6942K, capacity 7384K, committed 7680K, reserved 1056768K
  class space    used 694K, capacity 720K, committed 768K, reserved 1048576K
}
Event: 2.370 GC heap before
{Heap before GC invocations=4 (full 0):
 PSYoungGen      total 18432K, used 18416K [0x00000000eab00000, 0x00000000ecf00000, 0x0000000100000000)
  eden space 15872K, 100% used [0x00000000eab00000,0x00000000eba80000,0x00000000eba80000)
  from space 2560K, 99% used [0x00000000eba80000,0x00000000ebcfc200,0x00000000ebd00000)
  to   space 2560K, 0% used [0x00000000ecc80000,0x00000000ecc80000,0x00000000ecf00000)
 ParOldGen       total 42496K, used 11151K [0x00000000c0000000, 0x00000000c2980000, 0x00000000eab00000)
  object space 42496K, 26% used [0x00000000c0000000,0x00000000c0ae3dd0,0x00000000c2980000)
 Metaspace       used 6974K, capacity 7384K, committed 7680K, reserved 1056768K
  class space    used 694K, capacity 720K, committed 768K, reserved 1048576K
Event: 2.378 GC heap after
Heap after GC invocations=4 (full 0):
 PSYoungGen      total 34304K, used 2528K [0x00000000eab00000, 0x00000000ecf00000, 0x0000000100000000)
  eden space 31744K, 0% used [0x00000000eab00000,0x00000000eab00000,0x00000000eca00000)
  from space 2560K, 98% used [0x00000000ecc80000,0x00000000ecef8018,0x00000000ecf00000)
  to   space 2560K, 0% used [0x00000000eca00000,0x00000000eca00000,0x00000000ecc80000)
 ParOldGen       total 42496K, used 12746K [0x00000000c0000000, 0x00000000c2980000, 0x00000000eab00000)
  object space 42496K, 29% used [0x00000000c0000000,0x00000000c0c72918,0x00000000c2980000)
 Metaspace       used 6974K, capacity 7384K, committed 7680K, reserved 1056768K
  class space    used 694K, capacity 720K, committed 768K, reserved 1048576K
}
Event: 2.531 GC heap before
{Heap before GC invocations=5 (full 0):
 PSYoungGen      total 34304K, used 34272K [0x00000000eab00000, 0x00000000ecf00000, 0x0000000100000000)
  eden space 31744K, 100% used [0x00000000eab00000,0x00000000eca00000,0x00000000eca00000)
  from space 2560K, 98% used [0x00000000ecc80000,0x00000000ecef8018,0x00000000ecf00000)
  to   space 2560K, 0% used [0x00000000eca00000,0x00000000eca00000,0x00000000ecc80000)
 ParOldGen       total 42496K, used 12746K [0x00000000c0000000, 0x00000000c2980000, 0x00000000eab00000)
  object space 42496K, 29% used [0x00000000c0000000,0x00000000c0c72918,0x00000000c2980000)
 Metaspace       used 6999K, capacity 7448K, committed 7680K, reserved 1056768K
  class space    used 695K, capacity 720K, committed 768K, reserved 1048576K
Event: 2.548 GC heap after
Heap after GC invocations=5 (full 0):
 PSYoungGen      total 34304K, used 2528K [0x00000000eab00000, 0x00000000f0500000, 0x0000000100000000)
  eden space 31744K, 0% used [0x00000000eab00000,0x00000000eab00000,0x00000000eca00000)
  from space 2560K, 98% used [0x00000000eca00000,0x00000000ecc78018,0x00000000ecc80000)
  to   space 14336K, 0% used [0x00000000ef700000,0x00000000ef700000,0x00000000f0500000)
 ParOldGen       total 42496K, used 25876K [0x00000000c0000000, 0x00000000c2980000, 0x00000000eab00000)
  object space 42496K, 60% used [0x00000000c0000000,0x00000000c1945310,0x00000000c2980000)
 Metaspace       used 6999K, capacity 7448K, committed 7680K, reserved 1056768K
  class space    used 695K, capacity 720K, committed 768K, reserved 1048576K
}
Event: 2.667 GC heap before
{Heap before GC invocations=6 (full 0):
 PSYoungGen      total 34304K, used 34272K [0x00000000eab00000, 0x00000000f0500000, 0x0000000100000000)
  eden space 31744K, 100% used [0x00000000eab00000,0x00000000eca00000,0x00000000eca00000)
  from space 2560K, 98% used [0x00000000eca00000,0x00000000ecc78018,0x00000000ecc80000)
  to   space 14336K, 0% used [0x00000000ef700000,0x00000000ef700000,0x00000000f0500000)
 ParOldGen       total 42496K, used 25876K [0x00000000c0000000, 0x00000000c2980000, 0x00000000eab00000)
  object space 42496K, 60% used [0x00000000c0000000,0x00000000c1945310,0x00000000c2980000)
 Metaspace       used 7015K, capacity 7448K, committed 7680K, reserved 1056768K
  class space    used 695K, capacity 720K, committed 768K, reserved 1048576K
Event: 2.680 GC heap after
Heap after GC invocations=6 (full 0):
 PSYoungGen      total 76800K, used 8714K [0x00000000eab00000, 0x00000000f0400000, 0x0000000100000000)
  eden space 63488K, 0% used [0x00000000eab00000,0x00000000eab00000,0x00000000ee900000)
  from space 13312K, 65% used [0x00000000ef700000,0x00000000eff82990,0x00000000f0400000)
  to   space 13824K, 0% used [0x00000000ee900000,0x00000000ee900000,0x00000000ef680000)
 ParOldGen       total 42496K, used 25884K [0x00000000c0000000, 0x00000000c2980000, 0x00000000eab00000)
  object space 42496K, 60% used [0x00000000c0000000,0x00000000c1947310,0x00000000c2980000)
 Metaspace       used 7015K, capacity 7448K, committed 7680K, reserved 1056768K
  class space    used 695K, capacity 720K, committed 768K, reserved 1048576K
}
Event: 2.892 GC heap before
{Heap before GC invocations=7 (full 0):
 PSYoungGen      total 76800K, used 72202K [0x00000000eab00000, 0x00000000f0400000, 0x0000000100000000)
  eden space 63488K, 100% used [0x00000000eab00000,0x00000000ee900000,0x00000000ee900000)
  from space 13312K, 65% used [0x00000000ef700000,0x00000000eff82990,0x00000000f0400000)
  to   space 13824K, 0% used [0x00000000ee900000,0x00000000ee900000,0x00000000ef680000)
 ParOldGen       total 42496K, used 25884K [0x00000000c0000000, 0x00000000c2980000, 0x00000000eab00000)
  object space 42496K, 60% used [0x00000000c0000000,0x00000000c1947310,0x00000000c2980000)
 Metaspace       used 7102K, capacity 7454K, committed 7680K, reserved 1056768K
  class space    used 703K, capacity 721K, committed 768K, reserved 1048576K

